<?xml version="1.0" encoding="UTF-8"?>
<testsuite xmlns:xsi="http://www.w3.org/2001/XMLSchema-instance" xsi:noNamespaceSchemaLocation="https://maven.apache.org/surefire/maven-surefire-plugin/xsd/surefire-test-report-3.0.xsd" version="3.0" name="TestSuite" time="104.529" tests="10" errors="0" skipped="8" failures="2">
  <properties>
    <property name="java.specification.version" value="17"/>
    <property name="sun.jnu.encoding" value="UTF-8"/>
    <property name="java.class.path" value="/Users/testingautomation/Lyca/Mobile_Automation/target/test-classes:/Users/testingautomation/Lyca/Mobile_Automation/target/classes:/Users/testingautomation/.m2/repository/io/cucumber/cucumber-core/7.4.1/cucumber-core-7.4.1.jar:/Users/testingautomation/.m2/repository/io/cucumber/cucumber-gherkin/7.4.1/cucumber-gherkin-7.4.1.jar:/Users/testingautomation/.m2/repository/io/cucumber/cucumber-gherkin-messages/7.4.1/cucumber-gherkin-messages-7.4.1.jar:/Users/testingautomation/.m2/repository/io/cucumber/gherkin/23.0.1/gherkin-23.0.1.jar:/Users/testingautomation/.m2/repository/io/cucumber/messages/18.0.0/messages-18.0.0.jar:/Users/testingautomation/.m2/repository/io/cucumber/tag-expressions/4.1.0/tag-expressions-4.1.0.jar:/Users/testingautomation/.m2/repository/io/cucumber/cucumber-expressions/16.0.0/cucumber-expressions-16.0.0.jar:/Users/testingautomation/.m2/repository/io/cucumber/datatable/7.4.1/datatable-7.4.1.jar:/Users/testingautomation/.m2/repository/io/cucumber/cucumber-plugin/7.4.1/cucumber-plugin-7.4.1.jar:/Users/testingautomation/.m2/repository/io/cucumber/docstring/7.4.1/docstring-7.4.1.jar:/Users/testingautomation/.m2/repository/io/cucumber/html-formatter/19.2.0/html-formatter-19.2.0.jar:/Users/testingautomation/.m2/repository/io/cucumber/ci-environment/9.0.4/ci-environment-9.0.4.jar:/Users/testingautomation/.m2/repository/org/apiguardian/apiguardian-api/1.1.2/apiguardian-api-1.1.2.jar:/Users/testingautomation/.m2/repository/io/cucumber/cucumber-java/7.16.1/cucumber-java-7.16.1.jar:/Users/testingautomation/.m2/repository/io/cucumber/cucumber-testng/7.4.1/cucumber-testng-7.4.1.jar:/Users/testingautomation/.m2/repository/org/seleniumhq/selenium/selenium-java/4.11.0/selenium-java-4.11.0.jar:/Users/testingautomation/.m2/repository/org/seleniumhq/selenium/selenium-api/4.11.0/selenium-api-4.11.0.jar:/Users/testingautomation/.m2/repository/org/seleniumhq/selenium/selenium-chrome-driver/4.11.0/selenium-chrome-driver-4.11.0.jar:/Users/testingautomation/.m2/repository/com/google/auto/service/auto-service-annotations/1.0.1/auto-service-annotations-1.0.1.jar:/Users/testingautomation/.m2/repository/com/google/guava/guava/31.1-jre/guava-31.1-jre.jar:/Users/testingautomation/.m2/repository/com/google/guava/failureaccess/1.0.1/failureaccess-1.0.1.jar:/Users/testingautomation/.m2/repository/com/google/guava/listenablefuture/9999.0-empty-to-avoid-conflict-with-guava/listenablefuture-9999.0-empty-to-avoid-conflict-with-guava.jar:/Users/testingautomation/.m2/repository/com/google/code/findbugs/jsr305/3.0.2/jsr305-3.0.2.jar:/Users/testingautomation/.m2/repository/org/checkerframework/checker-qual/3.12.0/checker-qual-3.12.0.jar:/Users/testingautomation/.m2/repository/com/google/errorprone/error_prone_annotations/2.11.0/error_prone_annotations-2.11.0.jar:/Users/testingautomation/.m2/repository/com/google/j2objc/j2objc-annotations/1.3/j2objc-annotations-1.3.jar:/Users/testingautomation/.m2/repository/org/seleniumhq/selenium/selenium-chromium-driver/4.11.0/selenium-chromium-driver-4.11.0.jar:/Users/testingautomation/.m2/repository/org/seleniumhq/selenium/selenium-json/4.11.0/selenium-json-4.11.0.jar:/Users/testingautomation/.m2/repository/org/seleniumhq/selenium/selenium-manager/4.11.0/selenium-manager-4.11.0.jar:/Users/testingautomation/.m2/repository/org/seleniumhq/selenium/selenium-devtools-v113/4.11.0/selenium-devtools-v113-4.11.0.jar:/Users/testingautomation/.m2/repository/org/seleniumhq/selenium/selenium-devtools-v114/4.11.0/selenium-devtools-v114-4.11.0.jar:/Users/testingautomation/.m2/repository/org/seleniumhq/selenium/selenium-devtools-v115/4.11.0/selenium-devtools-v115-4.11.0.jar:/Users/testingautomation/.m2/repository/org/seleniumhq/selenium/selenium-devtools-v85/4.11.0/selenium-devtools-v85-4.11.0.jar:/Users/testingautomation/.m2/repository/org/seleniumhq/selenium/selenium-edge-driver/4.11.0/selenium-edge-driver-4.11.0.jar:/Users/testingautomation/.m2/repository/org/seleniumhq/selenium/selenium-firefox-driver/4.11.0/selenium-firefox-driver-4.11.0.jar:/Users/testingautomation/.m2/repository/org/seleniumhq/selenium/selenium-http/4.11.0/selenium-http-4.11.0.jar:/Users/testingautomation/.m2/repository/dev/failsafe/failsafe/3.3.1/failsafe-3.3.1.jar:/Users/testingautomation/.m2/repository/org/seleniumhq/selenium/selenium-ie-driver/4.11.0/selenium-ie-driver-4.11.0.jar:/Users/testingautomation/.m2/repository/org/seleniumhq/selenium/selenium-remote-driver/4.11.0/selenium-remote-driver-4.11.0.jar:/Users/testingautomation/.m2/repository/io/netty/netty-buffer/4.1.92.Final/netty-buffer-4.1.92.Final.jar:/Users/testingautomation/.m2/repository/io/netty/netty-codec-http/4.1.92.Final/netty-codec-http-4.1.92.Final.jar:/Users/testingautomation/.m2/repository/io/netty/netty-codec/4.1.92.Final/netty-codec-4.1.92.Final.jar:/Users/testingautomation/.m2/repository/io/netty/netty-handler/4.1.92.Final/netty-handler-4.1.92.Final.jar:/Users/testingautomation/.m2/repository/io/netty/netty-common/4.1.92.Final/netty-common-4.1.92.Final.jar:/Users/testingautomation/.m2/repository/io/netty/netty-transport-classes-epoll/4.1.92.Final/netty-transport-classes-epoll-4.1.92.Final.jar:/Users/testingautomation/.m2/repository/io/netty/netty-transport-classes-kqueue/4.1.92.Final/netty-transport-classes-kqueue-4.1.92.Final.jar:/Users/testingautomation/.m2/repository/io/netty/netty-transport-native-epoll/4.1.92.Final/netty-transport-native-epoll-4.1.92.Final.jar:/Users/testingautomation/.m2/repository/io/netty/netty-transport-native-kqueue/4.1.92.Final/netty-transport-native-kqueue-4.1.92.Final.jar:/Users/testingautomation/.m2/repository/io/netty/netty-transport-native-unix-common/4.1.92.Final/netty-transport-native-unix-common-4.1.92.Final.jar:/Users/testingautomation/.m2/repository/io/netty/netty-transport/4.1.92.Final/netty-transport-4.1.92.Final.jar:/Users/testingautomation/.m2/repository/io/netty/netty-resolver/4.1.92.Final/netty-resolver-4.1.92.Final.jar:/Users/testingautomation/.m2/repository/io/opentelemetry/opentelemetry-api/1.26.0/opentelemetry-api-1.26.0.jar:/Users/testingautomation/.m2/repository/io/opentelemetry/opentelemetry-context/1.26.0/opentelemetry-context-1.26.0.jar:/Users/testingautomation/.m2/repository/io/opentelemetry/opentelemetry-exporter-logging/1.26.0/opentelemetry-exporter-logging-1.26.0.jar:/Users/testingautomation/.m2/repository/io/opentelemetry/opentelemetry-sdk-metrics/1.26.0/opentelemetry-sdk-metrics-1.26.0.jar:/Users/testingautomation/.m2/repository/io/opentelemetry/opentelemetry-extension-incubator/1.26.0-alpha/opentelemetry-extension-incubator-1.26.0-alpha.jar:/Users/testingautomation/.m2/repository/io/opentelemetry/opentelemetry-sdk-logs/1.26.0-alpha/opentelemetry-sdk-logs-1.26.0-alpha.jar:/Users/testingautomation/.m2/repository/io/opentelemetry/opentelemetry-api-logs/1.26.0-alpha/opentelemetry-api-logs-1.26.0-alpha.jar:/Users/testingautomation/.m2/repository/io/opentelemetry/opentelemetry-api-events/1.26.0-alpha/opentelemetry-api-events-1.26.0-alpha.jar:/Users/testingautomation/.m2/repository/io/opentelemetry/opentelemetry-sdk-common/1.26.0/opentelemetry-sdk-common-1.26.0.jar:/Users/testingautomation/.m2/repository/io/opentelemetry/opentelemetry-sdk-extension-autoconfigure-spi/1.26.0/opentelemetry-sdk-extension-autoconfigure-spi-1.26.0.jar:/Users/testingautomation/.m2/repository/io/opentelemetry/opentelemetry-sdk-extension-autoconfigure/1.26.0-alpha/opentelemetry-sdk-extension-autoconfigure-1.26.0-alpha.jar:/Users/testingautomation/.m2/repository/io/opentelemetry/opentelemetry-sdk-trace/1.26.0/opentelemetry-sdk-trace-1.26.0.jar:/Users/testingautomation/.m2/repository/io/opentelemetry/opentelemetry-sdk/1.26.0/opentelemetry-sdk-1.26.0.jar:/Users/testingautomation/.m2/repository/io/opentelemetry/opentelemetry-semconv/1.26.0-alpha/opentelemetry-semconv-1.26.0-alpha.jar:/Users/testingautomation/.m2/repository/net/bytebuddy/byte-buddy/1.14.4/byte-buddy-1.14.4.jar:/Users/testingautomation/.m2/repository/org/apache/commons/commons-exec/1.3/commons-exec-1.3.jar:/Users/testingautomation/.m2/repository/org/asynchttpclient/async-http-client/2.12.3/async-http-client-2.12.3.jar:/Users/testingautomation/.m2/repository/org/asynchttpclient/async-http-client-netty-utils/2.12.3/async-http-client-netty-utils-2.12.3.jar:/Users/testingautomation/.m2/repository/io/netty/netty-codec-socks/4.1.60.Final/netty-codec-socks-4.1.60.Final.jar:/Users/testingautomation/.m2/repository/io/netty/netty-handler-proxy/4.1.60.Final/netty-handler-proxy-4.1.60.Final.jar:/Users/testingautomation/.m2/repository/io/netty/netty-transport-native-epoll/4.1.60.Final/netty-transport-native-epoll-4.1.60.Final-linux-x86_64.jar:/Users/testingautomation/.m2/repository/io/netty/netty-transport-native-kqueue/4.1.60.Final/netty-transport-native-kqueue-4.1.60.Final-osx-x86_64.jar:/Users/testingautomation/.m2/repository/com/typesafe/netty/netty-reactive-streams/2.0.4/netty-reactive-streams-2.0.4.jar:/Users/testingautomation/.m2/repository/com/sun/activation/jakarta.activation/1.2.2/jakarta.activation-1.2.2.jar:/Users/testingautomation/.m2/repository/org/seleniumhq/selenium/selenium-safari-driver/4.11.0/selenium-safari-driver-4.11.0.jar:/Users/testingautomation/.m2/repository/org/seleniumhq/selenium/selenium-support/4.11.0/selenium-support-4.11.0.jar:/Users/testingautomation/.m2/repository/io/github/bonigarcia/webdrivermanager/5.8.0/webdrivermanager-5.8.0.jar:/Users/testingautomation/.m2/repository/com/google/code/gson/gson/2.10.1/gson-2.10.1.jar:/Users/testingautomation/.m2/repository/com/github/docker-java/docker-java/3.3.6/docker-java-3.3.6.jar:/Users/testingautomation/.m2/repository/com/github/docker-java/docker-java-core/3.3.6/docker-java-core-3.3.6.jar:/Users/testingautomation/.m2/repository/com/github/docker-java/docker-java-api/3.3.6/docker-java-api-3.3.6.jar:/Users/testingautomation/.m2/repository/com/fasterxml/jackson/core/jackson-annotations/2.10.3/jackson-annotations-2.10.3.jar:/Users/testingautomation/.m2/repository/com/fasterxml/jackson/core/jackson-databind/2.10.3/jackson-databind-2.10.3.jar:/Users/testingautomation/.m2/repository/com/fasterxml/jackson/core/jackson-core/2.10.3/jackson-core-2.10.3.jar:/Users/testingautomation/.m2/repository/org/bouncycastle/bcpkix-jdk18on/1.76/bcpkix-jdk18on-1.76.jar:/Users/testingautomation/.m2/repository/org/bouncycastle/bcprov-jdk18on/1.76/bcprov-jdk18on-1.76.jar:/Users/testingautomation/.m2/repository/org/bouncycastle/bcutil-jdk18on/1.76/bcutil-jdk18on-1.76.jar:/Users/testingautomation/.m2/repository/org/slf4j/jcl-over-slf4j/1.7.30/jcl-over-slf4j-1.7.30.jar:/Users/testingautomation/.m2/repository/com/github/docker-java/docker-java-transport-httpclient5/3.3.6/docker-java-transport-httpclient5-3.3.6.jar:/Users/testingautomation/.m2/repository/com/github/docker-java/docker-java-transport/3.3.6/docker-java-transport-3.3.6.jar:/Users/testingautomation/.m2/repository/net/java/dev/jna/jna/5.13.0/jna-5.13.0.jar:/Users/testingautomation/.m2/repository/org/brotli/dec/0.1.2/dec-0.1.2.jar:/Users/testingautomation/.m2/repository/org/apache/commons/commons-lang3/3.14.0/commons-lang3-3.14.0.jar:/Users/testingautomation/.m2/repository/org/apache/commons/commons-compress/1.26.1/commons-compress-1.26.1.jar:/Users/testingautomation/.m2/repository/org/apache/httpcomponents/client5/httpclient5/5.2.1/httpclient5-5.2.1.jar:/Users/testingautomation/.m2/repository/org/apache/httpcomponents/core5/httpcore5/5.2/httpcore5-5.2.jar:/Users/testingautomation/.m2/repository/org/apache/httpcomponents/core5/httpcore5-h2/5.2/httpcore5-h2-5.2.jar:/Users/testingautomation/.m2/repository/org/slf4j/slf4j-api/1.7.36/slf4j-api-1.7.36.jar:/Users/testingautomation/.m2/repository/junit/junit/4.13.2/junit-4.13.2.jar:/Users/testingautomation/.m2/repository/org/hamcrest/hamcrest-core/1.3/hamcrest-core-1.3.jar:/Users/testingautomation/.m2/repository/org/testng/testng/7.7.1/testng-7.7.1.jar:/Users/testingautomation/.m2/repository/com/beust/jcommander/1.82/jcommander-1.82.jar:/Users/testingautomation/.m2/repository/org/webjars/jquery/3.6.1/jquery-3.6.1.jar:/Users/testingautomation/.m2/repository/io/appium/java-client/8.3.0/java-client-8.3.0.jar:/Users/testingautomation/.m2/repository/cglib/cglib/3.3.0/cglib-3.3.0.jar:/Users/testingautomation/.m2/repository/org/ow2/asm/asm/7.1/asm-7.1.jar:/Users/testingautomation/.m2/repository/commons-validator/commons-validator/1.7/commons-validator-1.7.jar:/Users/testingautomation/.m2/repository/commons-beanutils/commons-beanutils/1.9.4/commons-beanutils-1.9.4.jar:/Users/testingautomation/.m2/repository/commons-digester/commons-digester/2.1/commons-digester-2.1.jar:/Users/testingautomation/.m2/repository/commons-logging/commons-logging/1.2/commons-logging-1.2.jar:/Users/testingautomation/.m2/repository/commons-collections/commons-collections/3.2.2/commons-collections-3.2.2.jar:/Users/testingautomation/.m2/repository/org/apache/poi/poi/5.2.2/poi-5.2.2.jar:/Users/testingautomation/.m2/repository/commons-codec/commons-codec/1.15/commons-codec-1.15.jar:/Users/testingautomation/.m2/repository/org/apache/commons/commons-collections4/4.4/commons-collections4-4.4.jar:/Users/testingautomation/.m2/repository/org/apache/commons/commons-math3/3.6.1/commons-math3-3.6.1.jar:/Users/testingautomation/.m2/repository/com/zaxxer/SparseBitSet/1.2/SparseBitSet-1.2.jar:/Users/testingautomation/.m2/repository/org/apache/logging/log4j/log4j-api/2.17.2/log4j-api-2.17.2.jar:/Users/testingautomation/.m2/repository/org/apache/poi/poi-ooxml/5.2.3/poi-ooxml-5.2.3.jar:/Users/testingautomation/.m2/repository/org/apache/poi/poi-ooxml-lite/5.2.3/poi-ooxml-lite-5.2.3.jar:/Users/testingautomation/.m2/repository/org/apache/xmlbeans/xmlbeans/5.1.1/xmlbeans-5.1.1.jar:/Users/testingautomation/.m2/repository/com/github/virtuald/curvesapi/1.07/curvesapi-1.07.jar:/Users/testingautomation/.m2/repository/commons-io/commons-io/2.13.0/commons-io-2.13.0.jar:/Users/testingautomation/.m2/repository/org/projectlombok/lombok/1.18.24/lombok-1.18.24.jar:/Users/testingautomation/.m2/repository/com/aventstack/extentreports/5.0.8/extentreports-5.0.8.jar:/Users/testingautomation/.m2/repository/io/reactivex/rxjava3/rxjava/3.0.4/rxjava-3.0.4.jar:/Users/testingautomation/.m2/repository/org/reactivestreams/reactive-streams/1.0.3/reactive-streams-1.0.3.jar:/Users/testingautomation/.m2/repository/org/freemarker/freemarker/2.3.30/freemarker-2.3.30.jar:"/>
    <property name="java.vm.vendor" value="Amazon.com Inc."/>
    <property name="sun.arch.data.model" value="64"/>
    <property name="ANDROID_HOME" value="/Users/testingautomation/Library/Android/sdk"/>
    <property name="java.vendor.url" value="https://aws.amazon.com/corretto/"/>
    <property name="user.timezone" value="Asia/Kolkata"/>
    <property name="suiteXmlFile" value="src/test/resources/TestNG/testNG.xml"/>
    <property name="os.name" value="Mac OS X"/>
    <property name="java.vm.specification.version" value="17"/>
    <property name="sun.java.launcher" value="SUN_STANDARD"/>
    <property name="user.country" value="IN"/>
    <property name="sun.boot.library.path" value="/Users/testingautomation/Library/Java/JavaVirtualMachines/corretto-17.0.11/Contents/Home/lib"/>
    <property name="sun.java.command" value="/Users/testingautomation/Lyca/Mobile_Automation/target/surefire/surefirebooter-20250306115643296_3.jar /Users/testingautomation/Lyca/Mobile_Automation/target/surefire 2025-03-06T11-56-43_004-jvmRun1 surefire-20250306115643296_1tmp surefire_0-20250306115643296_2tmp"/>
    <property name="http.nonProxyHosts" value="local|*.local|169.254/16|*.169.254/16"/>
    <property name="jdk.debug" value="release"/>
    <property name="surefire.test.class.path" value="/Users/testingautomation/Lyca/Mobile_Automation/target/test-classes:/Users/testingautomation/Lyca/Mobile_Automation/target/classes:/Users/testingautomation/.m2/repository/io/cucumber/cucumber-core/7.4.1/cucumber-core-7.4.1.jar:/Users/testingautomation/.m2/repository/io/cucumber/cucumber-gherkin/7.4.1/cucumber-gherkin-7.4.1.jar:/Users/testingautomation/.m2/repository/io/cucumber/cucumber-gherkin-messages/7.4.1/cucumber-gherkin-messages-7.4.1.jar:/Users/testingautomation/.m2/repository/io/cucumber/gherkin/23.0.1/gherkin-23.0.1.jar:/Users/testingautomation/.m2/repository/io/cucumber/messages/18.0.0/messages-18.0.0.jar:/Users/testingautomation/.m2/repository/io/cucumber/tag-expressions/4.1.0/tag-expressions-4.1.0.jar:/Users/testingautomation/.m2/repository/io/cucumber/cucumber-expressions/16.0.0/cucumber-expressions-16.0.0.jar:/Users/testingautomation/.m2/repository/io/cucumber/datatable/7.4.1/datatable-7.4.1.jar:/Users/testingautomation/.m2/repository/io/cucumber/cucumber-plugin/7.4.1/cucumber-plugin-7.4.1.jar:/Users/testingautomation/.m2/repository/io/cucumber/docstring/7.4.1/docstring-7.4.1.jar:/Users/testingautomation/.m2/repository/io/cucumber/html-formatter/19.2.0/html-formatter-19.2.0.jar:/Users/testingautomation/.m2/repository/io/cucumber/ci-environment/9.0.4/ci-environment-9.0.4.jar:/Users/testingautomation/.m2/repository/org/apiguardian/apiguardian-api/1.1.2/apiguardian-api-1.1.2.jar:/Users/testingautomation/.m2/repository/io/cucumber/cucumber-java/7.16.1/cucumber-java-7.16.1.jar:/Users/testingautomation/.m2/repository/io/cucumber/cucumber-testng/7.4.1/cucumber-testng-7.4.1.jar:/Users/testingautomation/.m2/repository/org/seleniumhq/selenium/selenium-java/4.11.0/selenium-java-4.11.0.jar:/Users/testingautomation/.m2/repository/org/seleniumhq/selenium/selenium-api/4.11.0/selenium-api-4.11.0.jar:/Users/testingautomation/.m2/repository/org/seleniumhq/selenium/selenium-chrome-driver/4.11.0/selenium-chrome-driver-4.11.0.jar:/Users/testingautomation/.m2/repository/com/google/auto/service/auto-service-annotations/1.0.1/auto-service-annotations-1.0.1.jar:/Users/testingautomation/.m2/repository/com/google/guava/guava/31.1-jre/guava-31.1-jre.jar:/Users/testingautomation/.m2/repository/com/google/guava/failureaccess/1.0.1/failureaccess-1.0.1.jar:/Users/testingautomation/.m2/repository/com/google/guava/listenablefuture/9999.0-empty-to-avoid-conflict-with-guava/listenablefuture-9999.0-empty-to-avoid-conflict-with-guava.jar:/Users/testingautomation/.m2/repository/com/google/code/findbugs/jsr305/3.0.2/jsr305-3.0.2.jar:/Users/testingautomation/.m2/repository/org/checkerframework/checker-qual/3.12.0/checker-qual-3.12.0.jar:/Users/testingautomation/.m2/repository/com/google/errorprone/error_prone_annotations/2.11.0/error_prone_annotations-2.11.0.jar:/Users/testingautomation/.m2/repository/com/google/j2objc/j2objc-annotations/1.3/j2objc-annotations-1.3.jar:/Users/testingautomation/.m2/repository/org/seleniumhq/selenium/selenium-chromium-driver/4.11.0/selenium-chromium-driver-4.11.0.jar:/Users/testingautomation/.m2/repository/org/seleniumhq/selenium/selenium-json/4.11.0/selenium-json-4.11.0.jar:/Users/testingautomation/.m2/repository/org/seleniumhq/selenium/selenium-manager/4.11.0/selenium-manager-4.11.0.jar:/Users/testingautomation/.m2/repository/org/seleniumhq/selenium/selenium-devtools-v113/4.11.0/selenium-devtools-v113-4.11.0.jar:/Users/testingautomation/.m2/repository/org/seleniumhq/selenium/selenium-devtools-v114/4.11.0/selenium-devtools-v114-4.11.0.jar:/Users/testingautomation/.m2/repository/org/seleniumhq/selenium/selenium-devtools-v115/4.11.0/selenium-devtools-v115-4.11.0.jar:/Users/testingautomation/.m2/repository/org/seleniumhq/selenium/selenium-devtools-v85/4.11.0/selenium-devtools-v85-4.11.0.jar:/Users/testingautomation/.m2/repository/org/seleniumhq/selenium/selenium-edge-driver/4.11.0/selenium-edge-driver-4.11.0.jar:/Users/testingautomation/.m2/repository/org/seleniumhq/selenium/selenium-firefox-driver/4.11.0/selenium-firefox-driver-4.11.0.jar:/Users/testingautomation/.m2/repository/org/seleniumhq/selenium/selenium-http/4.11.0/selenium-http-4.11.0.jar:/Users/testingautomation/.m2/repository/dev/failsafe/failsafe/3.3.1/failsafe-3.3.1.jar:/Users/testingautomation/.m2/repository/org/seleniumhq/selenium/selenium-ie-driver/4.11.0/selenium-ie-driver-4.11.0.jar:/Users/testingautomation/.m2/repository/org/seleniumhq/selenium/selenium-remote-driver/4.11.0/selenium-remote-driver-4.11.0.jar:/Users/testingautomation/.m2/repository/io/netty/netty-buffer/4.1.92.Final/netty-buffer-4.1.92.Final.jar:/Users/testingautomation/.m2/repository/io/netty/netty-codec-http/4.1.92.Final/netty-codec-http-4.1.92.Final.jar:/Users/testingautomation/.m2/repository/io/netty/netty-codec/4.1.92.Final/netty-codec-4.1.92.Final.jar:/Users/testingautomation/.m2/repository/io/netty/netty-handler/4.1.92.Final/netty-handler-4.1.92.Final.jar:/Users/testingautomation/.m2/repository/io/netty/netty-common/4.1.92.Final/netty-common-4.1.92.Final.jar:/Users/testingautomation/.m2/repository/io/netty/netty-transport-classes-epoll/4.1.92.Final/netty-transport-classes-epoll-4.1.92.Final.jar:/Users/testingautomation/.m2/repository/io/netty/netty-transport-classes-kqueue/4.1.92.Final/netty-transport-classes-kqueue-4.1.92.Final.jar:/Users/testingautomation/.m2/repository/io/netty/netty-transport-native-epoll/4.1.92.Final/netty-transport-native-epoll-4.1.92.Final.jar:/Users/testingautomation/.m2/repository/io/netty/netty-transport-native-kqueue/4.1.92.Final/netty-transport-native-kqueue-4.1.92.Final.jar:/Users/testingautomation/.m2/repository/io/netty/netty-transport-native-unix-common/4.1.92.Final/netty-transport-native-unix-common-4.1.92.Final.jar:/Users/testingautomation/.m2/repository/io/netty/netty-transport/4.1.92.Final/netty-transport-4.1.92.Final.jar:/Users/testingautomation/.m2/repository/io/netty/netty-resolver/4.1.92.Final/netty-resolver-4.1.92.Final.jar:/Users/testingautomation/.m2/repository/io/opentelemetry/opentelemetry-api/1.26.0/opentelemetry-api-1.26.0.jar:/Users/testingautomation/.m2/repository/io/opentelemetry/opentelemetry-context/1.26.0/opentelemetry-context-1.26.0.jar:/Users/testingautomation/.m2/repository/io/opentelemetry/opentelemetry-exporter-logging/1.26.0/opentelemetry-exporter-logging-1.26.0.jar:/Users/testingautomation/.m2/repository/io/opentelemetry/opentelemetry-sdk-metrics/1.26.0/opentelemetry-sdk-metrics-1.26.0.jar:/Users/testingautomation/.m2/repository/io/opentelemetry/opentelemetry-extension-incubator/1.26.0-alpha/opentelemetry-extension-incubator-1.26.0-alpha.jar:/Users/testingautomation/.m2/repository/io/opentelemetry/opentelemetry-sdk-logs/1.26.0-alpha/opentelemetry-sdk-logs-1.26.0-alpha.jar:/Users/testingautomation/.m2/repository/io/opentelemetry/opentelemetry-api-logs/1.26.0-alpha/opentelemetry-api-logs-1.26.0-alpha.jar:/Users/testingautomation/.m2/repository/io/opentelemetry/opentelemetry-api-events/1.26.0-alpha/opentelemetry-api-events-1.26.0-alpha.jar:/Users/testingautomation/.m2/repository/io/opentelemetry/opentelemetry-sdk-common/1.26.0/opentelemetry-sdk-common-1.26.0.jar:/Users/testingautomation/.m2/repository/io/opentelemetry/opentelemetry-sdk-extension-autoconfigure-spi/1.26.0/opentelemetry-sdk-extension-autoconfigure-spi-1.26.0.jar:/Users/testingautomation/.m2/repository/io/opentelemetry/opentelemetry-sdk-extension-autoconfigure/1.26.0-alpha/opentelemetry-sdk-extension-autoconfigure-1.26.0-alpha.jar:/Users/testingautomation/.m2/repository/io/opentelemetry/opentelemetry-sdk-trace/1.26.0/opentelemetry-sdk-trace-1.26.0.jar:/Users/testingautomation/.m2/repository/io/opentelemetry/opentelemetry-sdk/1.26.0/opentelemetry-sdk-1.26.0.jar:/Users/testingautomation/.m2/repository/io/opentelemetry/opentelemetry-semconv/1.26.0-alpha/opentelemetry-semconv-1.26.0-alpha.jar:/Users/testingautomation/.m2/repository/net/bytebuddy/byte-buddy/1.14.4/byte-buddy-1.14.4.jar:/Users/testingautomation/.m2/repository/org/apache/commons/commons-exec/1.3/commons-exec-1.3.jar:/Users/testingautomation/.m2/repository/org/asynchttpclient/async-http-client/2.12.3/async-http-client-2.12.3.jar:/Users/testingautomation/.m2/repository/org/asynchttpclient/async-http-client-netty-utils/2.12.3/async-http-client-netty-utils-2.12.3.jar:/Users/testingautomation/.m2/repository/io/netty/netty-codec-socks/4.1.60.Final/netty-codec-socks-4.1.60.Final.jar:/Users/testingautomation/.m2/repository/io/netty/netty-handler-proxy/4.1.60.Final/netty-handler-proxy-4.1.60.Final.jar:/Users/testingautomation/.m2/repository/io/netty/netty-transport-native-epoll/4.1.60.Final/netty-transport-native-epoll-4.1.60.Final-linux-x86_64.jar:/Users/testingautomation/.m2/repository/io/netty/netty-transport-native-kqueue/4.1.60.Final/netty-transport-native-kqueue-4.1.60.Final-osx-x86_64.jar:/Users/testingautomation/.m2/repository/com/typesafe/netty/netty-reactive-streams/2.0.4/netty-reactive-streams-2.0.4.jar:/Users/testingautomation/.m2/repository/com/sun/activation/jakarta.activation/1.2.2/jakarta.activation-1.2.2.jar:/Users/testingautomation/.m2/repository/org/seleniumhq/selenium/selenium-safari-driver/4.11.0/selenium-safari-driver-4.11.0.jar:/Users/testingautomation/.m2/repository/org/seleniumhq/selenium/selenium-support/4.11.0/selenium-support-4.11.0.jar:/Users/testingautomation/.m2/repository/io/github/bonigarcia/webdrivermanager/5.8.0/webdrivermanager-5.8.0.jar:/Users/testingautomation/.m2/repository/com/google/code/gson/gson/2.10.1/gson-2.10.1.jar:/Users/testingautomation/.m2/repository/com/github/docker-java/docker-java/3.3.6/docker-java-3.3.6.jar:/Users/testingautomation/.m2/repository/com/github/docker-java/docker-java-core/3.3.6/docker-java-core-3.3.6.jar:/Users/testingautomation/.m2/repository/com/github/docker-java/docker-java-api/3.3.6/docker-java-api-3.3.6.jar:/Users/testingautomation/.m2/repository/com/fasterxml/jackson/core/jackson-annotations/2.10.3/jackson-annotations-2.10.3.jar:/Users/testingautomation/.m2/repository/com/fasterxml/jackson/core/jackson-databind/2.10.3/jackson-databind-2.10.3.jar:/Users/testingautomation/.m2/repository/com/fasterxml/jackson/core/jackson-core/2.10.3/jackson-core-2.10.3.jar:/Users/testingautomation/.m2/repository/org/bouncycastle/bcpkix-jdk18on/1.76/bcpkix-jdk18on-1.76.jar:/Users/testingautomation/.m2/repository/org/bouncycastle/bcprov-jdk18on/1.76/bcprov-jdk18on-1.76.jar:/Users/testingautomation/.m2/repository/org/bouncycastle/bcutil-jdk18on/1.76/bcutil-jdk18on-1.76.jar:/Users/testingautomation/.m2/repository/org/slf4j/jcl-over-slf4j/1.7.30/jcl-over-slf4j-1.7.30.jar:/Users/testingautomation/.m2/repository/com/github/docker-java/docker-java-transport-httpclient5/3.3.6/docker-java-transport-httpclient5-3.3.6.jar:/Users/testingautomation/.m2/repository/com/github/docker-java/docker-java-transport/3.3.6/docker-java-transport-3.3.6.jar:/Users/testingautomation/.m2/repository/net/java/dev/jna/jna/5.13.0/jna-5.13.0.jar:/Users/testingautomation/.m2/repository/org/brotli/dec/0.1.2/dec-0.1.2.jar:/Users/testingautomation/.m2/repository/org/apache/commons/commons-lang3/3.14.0/commons-lang3-3.14.0.jar:/Users/testingautomation/.m2/repository/org/apache/commons/commons-compress/1.26.1/commons-compress-1.26.1.jar:/Users/testingautomation/.m2/repository/org/apache/httpcomponents/client5/httpclient5/5.2.1/httpclient5-5.2.1.jar:/Users/testingautomation/.m2/repository/org/apache/httpcomponents/core5/httpcore5/5.2/httpcore5-5.2.jar:/Users/testingautomation/.m2/repository/org/apache/httpcomponents/core5/httpcore5-h2/5.2/httpcore5-h2-5.2.jar:/Users/testingautomation/.m2/repository/org/slf4j/slf4j-api/1.7.36/slf4j-api-1.7.36.jar:/Users/testingautomation/.m2/repository/junit/junit/4.13.2/junit-4.13.2.jar:/Users/testingautomation/.m2/repository/org/hamcrest/hamcrest-core/1.3/hamcrest-core-1.3.jar:/Users/testingautomation/.m2/repository/org/testng/testng/7.7.1/testng-7.7.1.jar:/Users/testingautomation/.m2/repository/com/beust/jcommander/1.82/jcommander-1.82.jar:/Users/testingautomation/.m2/repository/org/webjars/jquery/3.6.1/jquery-3.6.1.jar:/Users/testingautomation/.m2/repository/io/appium/java-client/8.3.0/java-client-8.3.0.jar:/Users/testingautomation/.m2/repository/cglib/cglib/3.3.0/cglib-3.3.0.jar:/Users/testingautomation/.m2/repository/org/ow2/asm/asm/7.1/asm-7.1.jar:/Users/testingautomation/.m2/repository/commons-validator/commons-validator/1.7/commons-validator-1.7.jar:/Users/testingautomation/.m2/repository/commons-beanutils/commons-beanutils/1.9.4/commons-beanutils-1.9.4.jar:/Users/testingautomation/.m2/repository/commons-digester/commons-digester/2.1/commons-digester-2.1.jar:/Users/testingautomation/.m2/repository/commons-logging/commons-logging/1.2/commons-logging-1.2.jar:/Users/testingautomation/.m2/repository/commons-collections/commons-collections/3.2.2/commons-collections-3.2.2.jar:/Users/testingautomation/.m2/repository/org/apache/poi/poi/5.2.2/poi-5.2.2.jar:/Users/testingautomation/.m2/repository/commons-codec/commons-codec/1.15/commons-codec-1.15.jar:/Users/testingautomation/.m2/repository/org/apache/commons/commons-collections4/4.4/commons-collections4-4.4.jar:/Users/testingautomation/.m2/repository/org/apache/commons/commons-math3/3.6.1/commons-math3-3.6.1.jar:/Users/testingautomation/.m2/repository/com/zaxxer/SparseBitSet/1.2/SparseBitSet-1.2.jar:/Users/testingautomation/.m2/repository/org/apache/logging/log4j/log4j-api/2.17.2/log4j-api-2.17.2.jar:/Users/testingautomation/.m2/repository/org/apache/poi/poi-ooxml/5.2.3/poi-ooxml-5.2.3.jar:/Users/testingautomation/.m2/repository/org/apache/poi/poi-ooxml-lite/5.2.3/poi-ooxml-lite-5.2.3.jar:/Users/testingautomation/.m2/repository/org/apache/xmlbeans/xmlbeans/5.1.1/xmlbeans-5.1.1.jar:/Users/testingautomation/.m2/repository/com/github/virtuald/curvesapi/1.07/curvesapi-1.07.jar:/Users/testingautomation/.m2/repository/commons-io/commons-io/2.13.0/commons-io-2.13.0.jar:/Users/testingautomation/.m2/repository/org/projectlombok/lombok/1.18.24/lombok-1.18.24.jar:/Users/testingautomation/.m2/repository/com/aventstack/extentreports/5.0.8/extentreports-5.0.8.jar:/Users/testingautomation/.m2/repository/io/reactivex/rxjava3/rxjava/3.0.4/rxjava-3.0.4.jar:/Users/testingautomation/.m2/repository/org/reactivestreams/reactive-streams/1.0.3/reactive-streams-1.0.3.jar:/Users/testingautomation/.m2/repository/org/freemarker/freemarker/2.3.30/freemarker-2.3.30.jar:"/>
    <property name="sun.cpu.endian" value="little"/>
    <property name="user.home" value="/Users/testingautomation"/>
    <property name="user.language" value="en"/>
    <property name="java.specification.vendor" value="Oracle Corporation"/>
    <property name="java.version.date" value="2024-04-16"/>
    <property name="java.home" value="/Users/testingautomation/Library/Java/JavaVirtualMachines/corretto-17.0.11/Contents/Home"/>
    <property name="file.separator" value="/"/>
    <property name="basedir" value="/Users/testingautomation/Lyca/Mobile_Automation"/>
    <property name="java.vm.compressedOopsMode" value="Zero based"/>
    <property name="line.separator" value="&#10;"/>
    <property name="java.vm.specification.vendor" value="Oracle Corporation"/>
    <property name="java.specification.name" value="Java Platform API Specification"/>
    <property name="surefire.real.class.path" value="/Users/testingautomation/Lyca/Mobile_Automation/target/surefire/surefirebooter-20250306115643296_3.jar"/>
    <property name="sun.management.compiler" value="HotSpot 64-Bit Tiered Compilers"/>
    <property name="ftp.nonProxyHosts" value="local|*.local|169.254/16|*.169.254/16"/>
    <property name="java.runtime.version" value="17.0.11+9-LTS"/>
    <property name="user.name" value="testingautomation"/>
    <property name="path.separator" value=":"/>
    <property name="os.version" value="15.1.1"/>
    <property name="java.runtime.name" value="OpenJDK Runtime Environment"/>
    <property name="file.encoding" value="UTF-8"/>
    <property name="java.vm.name" value="OpenJDK 64-Bit Server VM"/>
    <property name="java.vendor.version" value="Corretto-17.0.11.9.1"/>
    <property name="localRepository" value="/Users/testingautomation/.m2/repository"/>
    <property name="java.vendor.url.bug" value="https://github.com/corretto/corretto-17/issues/"/>
    <property name="java.io.tmpdir" value="/var/folders/h6/3hj4ls_95pv3crcbpy4pwjlw0000gp/T/"/>
    <property name="java.version" value="17.0.11"/>
    <property name="user.dir" value="/Users/testingautomation/Lyca/Mobile_Automation"/>
    <property name="os.arch" value="aarch64"/>
    <property name="java.vm.specification.name" value="Java Virtual Machine Specification"/>
    <property name="ANDROID_SDK_ROOT" value="/Users/testingautomation/Library/Android/sdk"/>
    <property name="native.encoding" value="UTF-8"/>
    <property name="java.library.path" value="/Users/testingautomation/Library/Java/Extensions:/Library/Java/Extensions:/Network/Library/Java/Extensions:/System/Library/Java/Extensions:/usr/lib/java:."/>
    <property name="java.vm.info" value="mixed mode, sharing"/>
    <property name="java.vendor" value="Amazon.com Inc."/>
    <property name="java.vm.version" value="17.0.11+9-LTS"/>
    <property name="sun.io.unicode.encoding" value="UnicodeBig"/>
    <property name="socksNonProxyHosts" value="local|*.local|169.254/16|*.169.254/16"/>
    <property name="java.class.version" value="61.0"/>
  </properties>
  <testcase name="login" classname="test.Verify_Login_Scenarios" time="53.542">
    <failure message="An element could not be located on the page using the given search parameters.&#10;For documentation on this error, please visit: https://www.selenium.dev/documentation/webdriver/troubleshooting/errors#no-such-element-exception&#10;Build info: version: &apos;4.11.0&apos;, revision: &apos;040bc5406b&apos;&#10;System info: os.name: &apos;Mac OS X&apos;, os.arch: &apos;aarch64&apos;, os.version: &apos;15.1.1&apos;, java.version: &apos;17.0.11&apos;&#10;Driver info: io.appium.java_client.AppiumDriver&#10;Command: [47baa246-ff94-4b94-94fe-4a643ea9d1f6, findElement {using=xpath, value=(//android.view.View[@content-desc=&quot;godavari enterprises&quot;])[2]}]&#10;Capabilities {appium:appActivity: com.kolonizer.sales.MainAct..., appium:appPackage: com.kolonizer.sales, appium:autoGrantPermissions: false, appium:automationName: UIAutomator2, appium:databaseEnabled: false, appium:desired: {appActivity: com.kolonizer.sales.MainAct..., appPackage: com.kolonizer.sales, autoGrantPermissions: false, automationName: UIAutomator2, deviceName: emulator-5554, fullReset: false, noReset: false, platformName: ANDROID, platformVersion: 15}, appium:deviceApiLevel: 35, appium:deviceManufacturer: Google, appium:deviceModel: sdk_gphone64_arm64, appium:deviceName: emulator-5554, appium:deviceScreenDensity: 560, appium:deviceScreenSize: 1440x3120, appium:deviceUDID: emulator-5554, appium:fullReset: false, appium:javascriptEnabled: true, appium:locationContextEnabled: false, appium:networkConnectionEnabled: true, appium:noReset: false, appium:pixelRatio: 3.5, appium:platformVersion: 15, appium:statBarHeight: 144, appium:takesScreenshot: true, appium:viewportRect: {height: 2976, left: 0, top: 144, width: 1440}, appium:warnings: {}, appium:webStorageEnabled: false, platformName: ANDROID}&#10;Session ID: 47baa246-ff94-4b94-94fe-4a643ea9d1f6" type="org.openqa.selenium.NoSuchElementException"><![CDATA[org.openqa.selenium.NoSuchElementException: 
An element could not be located on the page using the given search parameters.
For documentation on this error, please visit: https://www.selenium.dev/documentation/webdriver/troubleshooting/errors#no-such-element-exception
Build info: version: '4.11.0', revision: '040bc5406b'
System info: os.name: 'Mac OS X', os.arch: 'aarch64', os.version: '15.1.1', java.version: '17.0.11'
Driver info: io.appium.java_client.AppiumDriver
Command: [47baa246-ff94-4b94-94fe-4a643ea9d1f6, findElement {using=xpath, value=(//android.view.View[@content-desc="godavari enterprises"])[2]}]
Capabilities {appium:appActivity: com.kolonizer.sales.MainAct..., appium:appPackage: com.kolonizer.sales, appium:autoGrantPermissions: false, appium:automationName: UIAutomator2, appium:databaseEnabled: false, appium:desired: {appActivity: com.kolonizer.sales.MainAct..., appPackage: com.kolonizer.sales, autoGrantPermissions: false, automationName: UIAutomator2, deviceName: emulator-5554, fullReset: false, noReset: false, platformName: ANDROID, platformVersion: 15}, appium:deviceApiLevel: 35, appium:deviceManufacturer: Google, appium:deviceModel: sdk_gphone64_arm64, appium:deviceName: emulator-5554, appium:deviceScreenDensity: 560, appium:deviceScreenSize: 1440x3120, appium:deviceUDID: emulator-5554, appium:fullReset: false, appium:javascriptEnabled: true, appium:locationContextEnabled: false, appium:networkConnectionEnabled: true, appium:noReset: false, appium:pixelRatio: 3.5, appium:platformVersion: 15, appium:statBarHeight: 144, appium:takesScreenshot: true, appium:viewportRect: {height: 2976, left: 0, top: 144, width: 1440}, appium:warnings: {}, appium:webStorageEnabled: false, platformName: ANDROID}
Session ID: 47baa246-ff94-4b94-94fe-4a643ea9d1f6
	at jdk.internal.reflect.GeneratedConstructorAccessor9.newInstance(Unknown Source)
	at java.base/jdk.internal.reflect.DelegatingConstructorAccessorImpl.newInstance(DelegatingConstructorAccessorImpl.java:45)
	at java.base/java.lang.reflect.Constructor.newInstanceWithCaller(Constructor.java:499)
	at java.base/java.lang.reflect.Constructor.newInstance(Constructor.java:480)
	at org.openqa.selenium.remote.codec.w3c.W3CHttpResponseCodec.createException(W3CHttpResponseCodec.java:200)
	at org.openqa.selenium.remote.codec.w3c.W3CHttpResponseCodec.decode(W3CHttpResponseCodec.java:133)
	at org.openqa.selenium.remote.codec.w3c.W3CHttpResponseCodec.decode(W3CHttpResponseCodec.java:52)
	at org.openqa.selenium.remote.HttpCommandExecutor.execute(HttpCommandExecutor.java:191)
	at io.appium.java_client.remote.AppiumCommandExecutor.execute(AppiumCommandExecutor.java:262)
	at org.openqa.selenium.remote.RemoteWebDriver.execute(RemoteWebDriver.java:518)
	at org.openqa.selenium.remote.ElementLocation$ElementFinder$2.findElement(ElementLocation.java:165)
	at org.openqa.selenium.remote.ElementLocation.findElement(ElementLocation.java:59)
	at org.openqa.selenium.remote.RemoteWebDriver.findElement(RemoteWebDriver.java:355)
	at org.openqa.selenium.remote.RemoteWebDriver.findElement(RemoteWebDriver.java:349)
	at org.openqa.selenium.support.pagefactory.DefaultElementLocator.findElement(DefaultElementLocator.java:68)
	at org.openqa.selenium.support.pagefactory.internal.LocatingElementHandler.invoke(LocatingElementHandler.java:38)
	at jdk.proxy2/jdk.proxy2.$Proxy17.getLocation(Unknown Source)
	at utility.UIActions.scrollByElement(UIActions.java:105)
	at pom.LoginPage.login(LoginPage.java:35)
	at BaseClass.BaseClass.login(BaseClass.java:53)
	at java.base/jdk.internal.reflect.NativeMethodAccessorImpl.invoke0(Native Method)
	at java.base/jdk.internal.reflect.NativeMethodAccessorImpl.invoke(NativeMethodAccessorImpl.java:77)
	at java.base/jdk.internal.reflect.DelegatingMethodAccessorImpl.invoke(DelegatingMethodAccessorImpl.java:43)
	at java.base/java.lang.reflect.Method.invoke(Method.java:568)
	at org.testng.internal.invokers.MethodInvocationHelper.invokeMethod(MethodInvocationHelper.java:139)
	at org.testng.internal.invokers.MethodInvocationHelper.invokeMethodConsideringTimeout(MethodInvocationHelper.java:69)
	at org.testng.internal.invokers.ConfigInvoker.invokeConfigurationMethod(ConfigInvoker.java:361)
	at org.testng.internal.invokers.ConfigInvoker.invokeConfigurations(ConfigInvoker.java:296)
	at org.testng.internal.invokers.TestMethodWorker.invokeBeforeClassMethods(TestMethodWorker.java:180)
	at org.testng.internal.invokers.TestMethodWorker.run(TestMethodWorker.java:122)
	at java.base/java.util.ArrayList.forEach(ArrayList.java:1511)
	at org.testng.TestRunner.privateRun(TestRunner.java:829)
	at org.testng.TestRunner.run(TestRunner.java:602)
	at org.testng.SuiteRunner.runTest(SuiteRunner.java:437)
	at org.testng.SuiteRunner.runSequentially(SuiteRunner.java:431)
	at org.testng.SuiteRunner.privateRun(SuiteRunner.java:391)
	at org.testng.SuiteRunner.run(SuiteRunner.java:330)
	at org.testng.SuiteRunnerWorker.runSuite(SuiteRunnerWorker.java:52)
	at org.testng.SuiteRunnerWorker.run(SuiteRunnerWorker.java:95)
	at org.testng.TestNG.runSuitesSequentially(TestNG.java:1256)
	at org.testng.TestNG.runSuitesLocally(TestNG.java:1176)
	at org.testng.TestNG.runSuites(TestNG.java:1099)
	at org.testng.TestNG.run(TestNG.java:1067)
	at org.apache.maven.surefire.testng.TestNGExecutor.run(TestNGExecutor.java:324)
	at org.apache.maven.surefire.testng.TestNGXmlTestSuite.execute(TestNGXmlTestSuite.java:74)
	at org.apache.maven.surefire.testng.TestNGProvider.invoke(TestNGProvider.java:123)
	at org.apache.maven.surefire.booter.ForkedBooter.runSuitesInProcess(ForkedBooter.java:456)
	at org.apache.maven.surefire.booter.ForkedBooter.execute(ForkedBooter.java:169)
	at org.apache.maven.surefire.booter.ForkedBooter.run(ForkedBooter.java:595)
	at org.apache.maven.surefire.booter.ForkedBooter.main(ForkedBooter.java:581)
]]></failure>
    <system-out><![CDATA[Screenshot path: /Users/testingautomation/Lyca/Mobile_Automation/screenshots/failed.png
deviceName: List of devices attached
Conncected device: 5554
AppiumJs Path: 
Desired capability for Android: 
{appPackage=com.kolonizer.sales, appActivity=com.kolonizer.sales.MainActivity, noReset=false, setAutoGrantPermissions=false, platformVersion=15, platformName=Android, deviceName=emulator-5554, fullReset=false, setNewCommandTimeout=120}
:-------------------------------------------------------------------------------------------------------:
Android App Launched!
Waiting for element: Notification button  for [3 sec] | Found in [3832 ms]
Clicked on: Notification button 
:-------------------------------------------------------------------------------------------------------:
Waiting for element: Skip button  for [15 sec] | Found in [620 ms]
Clicked on: Skip button 
:-------------------------------------------------------------------------------------------------------:
Waiting for element: Continue to login button  for [15 sec] | Found in [116 ms]
Clicked on: Continue to login button 
:-------------------------------------------------------------------------------------------------------:
Waiting for element: email tab  for [15 sec] | Found in [96 ms]
Sent keys to: email tab 
:-------------------------------------------------------------------------------------------------------:
Waiting for element: Password tab  for [15 sec] | Found in [624 ms]
Sent keys to: Password tab 
:-------------------------------------------------------------------------------------------------------:
Waiting for element: Login button  for [15 sec] | Found in [613 ms]
Clicked on: Login button 
:-------------------------------------------------------------------------------------------------------:
Waiting for element: Close pop up icon button  for [5 sec] | Element not found within timeout
Not displayed, skipping: Close pop up icon button 
:-------------------------------------------------------------------------------------------------------:
Waiting for element:  for [10 sec] | Element not found within timeout
Waiting for element:  for [10 sec] | Element not found within timeout
]]></system-out>
    <system-err><![CDATA[SLF4J: Failed to load class "org.slf4j.impl.StaticLoggerBinder".
SLF4J: Defaulting to no-operation (NOP) logger implementation
SLF4J: See http://www.slf4j.org/codes.html#StaticLoggerBinder for further details.
java.io.IOException: Cannot run program "where": error=2, No such file or directory
	at java.base/java.lang.ProcessBuilder.start(ProcessBuilder.java:1143)
	at java.base/java.lang.ProcessBuilder.start(ProcessBuilder.java:1073)
	at java.base/java.lang.Runtime.exec(Runtime.java:594)
	at java.base/java.lang.Runtime.exec(Runtime.java:418)
	at java.base/java.lang.Runtime.exec(Runtime.java:315)
	at BaseClass.BaseClass.getAppiumJsPath(BaseClass.java:134)
	at BaseClass.BaseClass.setupExtentReport(BaseClass.java:40)
	at java.base/jdk.internal.reflect.NativeMethodAccessorImpl.invoke0(Native Method)
	at java.base/jdk.internal.reflect.NativeMethodAccessorImpl.invoke(NativeMethodAccessorImpl.java:77)
	at java.base/jdk.internal.reflect.DelegatingMethodAccessorImpl.invoke(DelegatingMethodAccessorImpl.java:43)
	at java.base/java.lang.reflect.Method.invoke(Method.java:568)
	at org.testng.internal.invokers.MethodInvocationHelper.invokeMethod(MethodInvocationHelper.java:139)
	at org.testng.internal.invokers.MethodInvocationHelper.invokeMethodConsideringTimeout(MethodInvocationHelper.java:69)
	at org.testng.internal.invokers.ConfigInvoker.invokeConfigurationMethod(ConfigInvoker.java:361)
	at org.testng.internal.invokers.ConfigInvoker.invokeConfigurations(ConfigInvoker.java:296)
	at org.testng.SuiteRunner.privateRun(SuiteRunner.java:376)
	at org.testng.SuiteRunner.run(SuiteRunner.java:330)
	at org.testng.SuiteRunnerWorker.runSuite(SuiteRunnerWorker.java:52)
	at org.testng.SuiteRunnerWorker.run(SuiteRunnerWorker.java:95)
	at org.testng.TestNG.runSuitesSequentially(TestNG.java:1256)
	at org.testng.TestNG.runSuitesLocally(TestNG.java:1176)
	at org.testng.TestNG.runSuites(TestNG.java:1099)
	at org.testng.TestNG.run(TestNG.java:1067)
	at org.apache.maven.surefire.testng.TestNGExecutor.run(TestNGExecutor.java:324)
	at org.apache.maven.surefire.testng.TestNGXmlTestSuite.execute(TestNGXmlTestSuite.java:74)
	at org.apache.maven.surefire.testng.TestNGProvider.invoke(TestNGProvider.java:123)
	at org.apache.maven.surefire.booter.ForkedBooter.runSuitesInProcess(ForkedBooter.java:456)
	at org.apache.maven.surefire.booter.ForkedBooter.execute(ForkedBooter.java:169)
	at org.apache.maven.surefire.booter.ForkedBooter.run(ForkedBooter.java:595)
	at org.apache.maven.surefire.booter.ForkedBooter.main(ForkedBooter.java:581)
Caused by: java.io.IOException: error=2, No such file or directory
	at java.base/java.lang.ProcessImpl.forkAndExec(Native Method)
	at java.base/java.lang.ProcessImpl.<init>(ProcessImpl.java:314)
	at java.base/java.lang.ProcessImpl.start(ProcessImpl.java:244)
	at java.base/java.lang.ProcessBuilder.start(ProcessBuilder.java:1110)
	... 29 more
ERROR StatusLogger Log4j2 could not find a logging implementation. Please add log4j-core to the classpath. Using SimpleLogger to log to the console...
]]></system-err>
  </testcase>
  <testcase name="verify_login" classname="test.Verify_Login_Scenarios" time="0">
    <skipped message="An element could not be located on the page using the given search parameters.&#10;For documentation on this error, please visit: https://www.selenium.dev/documentation/webdriver/troubleshooting/errors#no-such-element-exception&#10;Build info: version: &apos;4.11.0&apos;, revision: &apos;040bc5406b&apos;&#10;System info: os.name: &apos;Mac OS X&apos;, os.arch: &apos;aarch64&apos;, os.version: &apos;15.1.1&apos;, java.version: &apos;17.0.11&apos;&#10;Driver info: io.appium.java_client.AppiumDriver&#10;Command: [47baa246-ff94-4b94-94fe-4a643ea9d1f6, findElement {using=xpath, value=(//android.view.View[@content-desc=&quot;godavari enterprises&quot;])[2]}]&#10;Capabilities {appium:appActivity: com.kolonizer.sales.MainAct..., appium:appPackage: com.kolonizer.sales, appium:autoGrantPermissions: false, appium:automationName: UIAutomator2, appium:databaseEnabled: false, appium:desired: {appActivity: com.kolonizer.sales.MainAct..., appPackage: com.kolonizer.sales, autoGrantPermissions: false, automationName: UIAutomator2, deviceName: emulator-5554, fullReset: false, noReset: false, platformName: ANDROID, platformVersion: 15}, appium:deviceApiLevel: 35, appium:deviceManufacturer: Google, appium:deviceModel: sdk_gphone64_arm64, appium:deviceName: emulator-5554, appium:deviceScreenDensity: 560, appium:deviceScreenSize: 1440x3120, appium:deviceUDID: emulator-5554, appium:fullReset: false, appium:javascriptEnabled: true, appium:locationContextEnabled: false, appium:networkConnectionEnabled: true, appium:noReset: false, appium:pixelRatio: 3.5, appium:platformVersion: 15, appium:statBarHeight: 144, appium:takesScreenshot: true, appium:viewportRect: {height: 2976, left: 0, top: 144, width: 1440}, appium:warnings: {}, appium:webStorageEnabled: false, platformName: ANDROID}&#10;Session ID: 47baa246-ff94-4b94-94fe-4a643ea9d1f6"/>
  </testcase>
  <testcase name="attachScreenshot" classname="test.Verify_Login_Scenarios" time="0">
    <skipped/>
  </testcase>
  <testcase name="attachScreenshot" classname="test.Verify_Login_Scenarios" time="0">
    <skipped/>
  </testcase>
  <testcase name="verify_logout" classname="test.Verify_Login_Scenarios" time="0">
    <skipped message="An element could not be located on the page using the given search parameters.&#10;For documentation on this error, please visit: https://www.selenium.dev/documentation/webdriver/troubleshooting/errors#no-such-element-exception&#10;Build info: version: &apos;4.11.0&apos;, revision: &apos;040bc5406b&apos;&#10;System info: os.name: &apos;Mac OS X&apos;, os.arch: &apos;aarch64&apos;, os.version: &apos;15.1.1&apos;, java.version: &apos;17.0.11&apos;&#10;Driver info: io.appium.java_client.AppiumDriver&#10;Command: [47baa246-ff94-4b94-94fe-4a643ea9d1f6, findElement {using=xpath, value=(//android.view.View[@content-desc=&quot;godavari enterprises&quot;])[2]}]&#10;Capabilities {appium:appActivity: com.kolonizer.sales.MainAct..., appium:appPackage: com.kolonizer.sales, appium:autoGrantPermissions: false, appium:automationName: UIAutomator2, appium:databaseEnabled: false, appium:desired: {appActivity: com.kolonizer.sales.MainAct..., appPackage: com.kolonizer.sales, autoGrantPermissions: false, automationName: UIAutomator2, deviceName: emulator-5554, fullReset: false, noReset: false, platformName: ANDROID, platformVersion: 15}, appium:deviceApiLevel: 35, appium:deviceManufacturer: Google, appium:deviceModel: sdk_gphone64_arm64, appium:deviceName: emulator-5554, appium:deviceScreenDensity: 560, appium:deviceScreenSize: 1440x3120, appium:deviceUDID: emulator-5554, appium:fullReset: false, appium:javascriptEnabled: true, appium:locationContextEnabled: false, appium:networkConnectionEnabled: true, appium:noReset: false, appium:pixelRatio: 3.5, appium:platformVersion: 15, appium:statBarHeight: 144, appium:takesScreenshot: true, appium:viewportRect: {height: 2976, left: 0, top: 144, width: 1440}, appium:warnings: {}, appium:webStorageEnabled: false, platformName: ANDROID}&#10;Session ID: 47baa246-ff94-4b94-94fe-4a643ea9d1f6"/>
  </testcase>
  <testcase name="tearDown" classname="test.Verify_Login_Scenarios" time="0">
    <skipped/>
  </testcase>
  <testcase name="login" classname="test.Verify_Collaction_Dashboard_Scenarios" time="50.748">
    <failure message="An element could not be located on the page using the given search parameters.&#10;For documentation on this error, please visit: https://www.selenium.dev/documentation/webdriver/troubleshooting/errors#no-such-element-exception&#10;Build info: version: &apos;4.11.0&apos;, revision: &apos;040bc5406b&apos;&#10;System info: os.name: &apos;Mac OS X&apos;, os.arch: &apos;aarch64&apos;, os.version: &apos;15.1.1&apos;, java.version: &apos;17.0.11&apos;&#10;Driver info: io.appium.java_client.AppiumDriver&#10;Command: [d4b552df-a7f8-45c3-8536-b2aec9d0bc92, findElement {using=xpath, value=(//android.view.View[@content-desc=&quot;godavari enterprises&quot;])[2]}]&#10;Capabilities {appium:appActivity: com.kolonizer.sales.MainAct..., appium:appPackage: com.kolonizer.sales, appium:autoGrantPermissions: false, appium:automationName: UIAutomator2, appium:databaseEnabled: false, appium:desired: {appActivity: com.kolonizer.sales.MainAct..., appPackage: com.kolonizer.sales, autoGrantPermissions: false, automationName: UIAutomator2, deviceName: emulator-5554, fullReset: false, noReset: false, platformName: ANDROID, platformVersion: 15}, appium:deviceApiLevel: 35, appium:deviceManufacturer: Google, appium:deviceModel: sdk_gphone64_arm64, appium:deviceName: emulator-5554, appium:deviceScreenDensity: 560, appium:deviceScreenSize: 1440x3120, appium:deviceUDID: emulator-5554, appium:fullReset: false, appium:javascriptEnabled: true, appium:locationContextEnabled: false, appium:networkConnectionEnabled: true, appium:noReset: false, appium:pixelRatio: 3.5, appium:platformVersion: 15, appium:statBarHeight: 144, appium:takesScreenshot: true, appium:viewportRect: {height: 2976, left: 0, top: 144, width: 1440}, appium:warnings: {}, appium:webStorageEnabled: false, platformName: ANDROID}&#10;Session ID: d4b552df-a7f8-45c3-8536-b2aec9d0bc92" type="org.openqa.selenium.NoSuchElementException"><![CDATA[org.openqa.selenium.NoSuchElementException: 
An element could not be located on the page using the given search parameters.
For documentation on this error, please visit: https://www.selenium.dev/documentation/webdriver/troubleshooting/errors#no-such-element-exception
Build info: version: '4.11.0', revision: '040bc5406b'
System info: os.name: 'Mac OS X', os.arch: 'aarch64', os.version: '15.1.1', java.version: '17.0.11'
Driver info: io.appium.java_client.AppiumDriver
Command: [d4b552df-a7f8-45c3-8536-b2aec9d0bc92, findElement {using=xpath, value=(//android.view.View[@content-desc="godavari enterprises"])[2]}]
Capabilities {appium:appActivity: com.kolonizer.sales.MainAct..., appium:appPackage: com.kolonizer.sales, appium:autoGrantPermissions: false, appium:automationName: UIAutomator2, appium:databaseEnabled: false, appium:desired: {appActivity: com.kolonizer.sales.MainAct..., appPackage: com.kolonizer.sales, autoGrantPermissions: false, automationName: UIAutomator2, deviceName: emulator-5554, fullReset: false, noReset: false, platformName: ANDROID, platformVersion: 15}, appium:deviceApiLevel: 35, appium:deviceManufacturer: Google, appium:deviceModel: sdk_gphone64_arm64, appium:deviceName: emulator-5554, appium:deviceScreenDensity: 560, appium:deviceScreenSize: 1440x3120, appium:deviceUDID: emulator-5554, appium:fullReset: false, appium:javascriptEnabled: true, appium:locationContextEnabled: false, appium:networkConnectionEnabled: true, appium:noReset: false, appium:pixelRatio: 3.5, appium:platformVersion: 15, appium:statBarHeight: 144, appium:takesScreenshot: true, appium:viewportRect: {height: 2976, left: 0, top: 144, width: 1440}, appium:warnings: {}, appium:webStorageEnabled: false, platformName: ANDROID}
Session ID: d4b552df-a7f8-45c3-8536-b2aec9d0bc92
	at jdk.internal.reflect.GeneratedConstructorAccessor9.newInstance(Unknown Source)
	at java.base/jdk.internal.reflect.DelegatingConstructorAccessorImpl.newInstance(DelegatingConstructorAccessorImpl.java:45)
	at java.base/java.lang.reflect.Constructor.newInstanceWithCaller(Constructor.java:499)
	at java.base/java.lang.reflect.Constructor.newInstance(Constructor.java:480)
	at org.openqa.selenium.remote.codec.w3c.W3CHttpResponseCodec.createException(W3CHttpResponseCodec.java:200)
	at org.openqa.selenium.remote.codec.w3c.W3CHttpResponseCodec.decode(W3CHttpResponseCodec.java:133)
	at org.openqa.selenium.remote.codec.w3c.W3CHttpResponseCodec.decode(W3CHttpResponseCodec.java:52)
	at org.openqa.selenium.remote.HttpCommandExecutor.execute(HttpCommandExecutor.java:191)
	at io.appium.java_client.remote.AppiumCommandExecutor.execute(AppiumCommandExecutor.java:262)
	at org.openqa.selenium.remote.RemoteWebDriver.execute(RemoteWebDriver.java:518)
	at org.openqa.selenium.remote.ElementLocation$ElementFinder$2.findElement(ElementLocation.java:165)
	at org.openqa.selenium.remote.ElementLocation.findElement(ElementLocation.java:59)
	at org.openqa.selenium.remote.RemoteWebDriver.findElement(RemoteWebDriver.java:355)
	at org.openqa.selenium.remote.RemoteWebDriver.findElement(RemoteWebDriver.java:349)
	at org.openqa.selenium.support.pagefactory.DefaultElementLocator.findElement(DefaultElementLocator.java:68)
	at org.openqa.selenium.support.pagefactory.internal.LocatingElementHandler.invoke(LocatingElementHandler.java:38)
	at jdk.proxy2/jdk.proxy2.$Proxy17.getLocation(Unknown Source)
	at utility.UIActions.scrollByElement(UIActions.java:105)
	at pom.LoginPage.login(LoginPage.java:35)
	at BaseClass.BaseClass.login(BaseClass.java:53)
	at java.base/jdk.internal.reflect.NativeMethodAccessorImpl.invoke0(Native Method)
	at java.base/jdk.internal.reflect.NativeMethodAccessorImpl.invoke(NativeMethodAccessorImpl.java:77)
	at java.base/jdk.internal.reflect.DelegatingMethodAccessorImpl.invoke(DelegatingMethodAccessorImpl.java:43)
	at java.base/java.lang.reflect.Method.invoke(Method.java:568)
	at org.testng.internal.invokers.MethodInvocationHelper.invokeMethod(MethodInvocationHelper.java:139)
	at org.testng.internal.invokers.MethodInvocationHelper.invokeMethodConsideringTimeout(MethodInvocationHelper.java:69)
	at org.testng.internal.invokers.ConfigInvoker.invokeConfigurationMethod(ConfigInvoker.java:361)
	at org.testng.internal.invokers.ConfigInvoker.invokeConfigurations(ConfigInvoker.java:296)
	at org.testng.internal.invokers.TestMethodWorker.invokeBeforeClassMethods(TestMethodWorker.java:180)
	at org.testng.internal.invokers.TestMethodWorker.run(TestMethodWorker.java:122)
	at java.base/java.util.ArrayList.forEach(ArrayList.java:1511)
	at org.testng.TestRunner.privateRun(TestRunner.java:829)
	at org.testng.TestRunner.run(TestRunner.java:602)
	at org.testng.SuiteRunner.runTest(SuiteRunner.java:437)
	at org.testng.SuiteRunner.runSequentially(SuiteRunner.java:431)
	at org.testng.SuiteRunner.privateRun(SuiteRunner.java:391)
	at org.testng.SuiteRunner.run(SuiteRunner.java:330)
	at org.testng.SuiteRunnerWorker.runSuite(SuiteRunnerWorker.java:52)
	at org.testng.SuiteRunnerWorker.run(SuiteRunnerWorker.java:95)
	at org.testng.TestNG.runSuitesSequentially(TestNG.java:1256)
	at org.testng.TestNG.runSuitesLocally(TestNG.java:1176)
	at org.testng.TestNG.runSuites(TestNG.java:1099)
	at org.testng.TestNG.run(TestNG.java:1067)
	at org.apache.maven.surefire.testng.TestNGExecutor.run(TestNGExecutor.java:324)
	at org.apache.maven.surefire.testng.TestNGXmlTestSuite.execute(TestNGXmlTestSuite.java:74)
	at org.apache.maven.surefire.testng.TestNGProvider.invoke(TestNGProvider.java:123)
	at org.apache.maven.surefire.booter.ForkedBooter.runSuitesInProcess(ForkedBooter.java:456)
	at org.apache.maven.surefire.booter.ForkedBooter.execute(ForkedBooter.java:169)
	at org.apache.maven.surefire.booter.ForkedBooter.run(ForkedBooter.java:595)
	at org.apache.maven.surefire.booter.ForkedBooter.main(ForkedBooter.java:581)
]]></failure>
    <system-out><![CDATA[Desired capability for Android: 
{appPackage=com.kolonizer.sales, appActivity=com.kolonizer.sales.MainActivity, noReset=false, setAutoGrantPermissions=false, platformVersion=15, platformName=Android, deviceName=emulator-5554, fullReset=false, setNewCommandTimeout=120}
:-------------------------------------------------------------------------------------------------------:
Android App Launched!
Waiting for element: Notification button  for [3 sec] | Found in [5117 ms]
Clicked on: Notification button 
:-------------------------------------------------------------------------------------------------------:
Waiting for element: Skip button  for [15 sec] | Found in [728 ms]
Clicked on: Skip button 
:-------------------------------------------------------------------------------------------------------:
Waiting for element: Continue to login button  for [15 sec] | Found in [86 ms]
Clicked on: Continue to login button 
:-------------------------------------------------------------------------------------------------------:
Waiting for element: email tab  for [15 sec] | Found in [106 ms]
Sent keys to: email tab 
:-------------------------------------------------------------------------------------------------------:
Waiting for element: Password tab  for [15 sec] | Found in [608 ms]
Sent keys to: Password tab 
:-------------------------------------------------------------------------------------------------------:
Waiting for element: Login button  for [15 sec] | Found in [633 ms]
Clicked on: Login button 
:-------------------------------------------------------------------------------------------------------:
Waiting for element: Close pop up icon button  for [5 sec] | Element not found within timeout
Not displayed, skipping: Close pop up icon button 
:-------------------------------------------------------------------------------------------------------:
Waiting for element:  for [10 sec] | Element not found within timeout
Waiting for element:  for [10 sec] | Element not found within timeout
]]></system-out>
  </testcase>
  <testcase name="verify_collection_dashboard_scenarios" classname="test.Verify_Collaction_Dashboard_Scenarios" time="0">
    <skipped message="An element could not be located on the page using the given search parameters.&#10;For documentation on this error, please visit: https://www.selenium.dev/documentation/webdriver/troubleshooting/errors#no-such-element-exception&#10;Build info: version: &apos;4.11.0&apos;, revision: &apos;040bc5406b&apos;&#10;System info: os.name: &apos;Mac OS X&apos;, os.arch: &apos;aarch64&apos;, os.version: &apos;15.1.1&apos;, java.version: &apos;17.0.11&apos;&#10;Driver info: io.appium.java_client.AppiumDriver&#10;Command: [d4b552df-a7f8-45c3-8536-b2aec9d0bc92, findElement {using=xpath, value=(//android.view.View[@content-desc=&quot;godavari enterprises&quot;])[2]}]&#10;Capabilities {appium:appActivity: com.kolonizer.sales.MainAct..., appium:appPackage: com.kolonizer.sales, appium:autoGrantPermissions: false, appium:automationName: UIAutomator2, appium:databaseEnabled: false, appium:desired: {appActivity: com.kolonizer.sales.MainAct..., appPackage: com.kolonizer.sales, autoGrantPermissions: false, automationName: UIAutomator2, deviceName: emulator-5554, fullReset: false, noReset: false, platformName: ANDROID, platformVersion: 15}, appium:deviceApiLevel: 35, appium:deviceManufacturer: Google, appium:deviceModel: sdk_gphone64_arm64, appium:deviceName: emulator-5554, appium:deviceScreenDensity: 560, appium:deviceScreenSize: 1440x3120, appium:deviceUDID: emulator-5554, appium:fullReset: false, appium:javascriptEnabled: true, appium:locationContextEnabled: false, appium:networkConnectionEnabled: true, appium:noReset: false, appium:pixelRatio: 3.5, appium:platformVersion: 15, appium:statBarHeight: 144, appium:takesScreenshot: true, appium:viewportRect: {height: 2976, left: 0, top: 144, width: 1440}, appium:warnings: {}, appium:webStorageEnabled: false, platformName: ANDROID}&#10;Session ID: d4b552df-a7f8-45c3-8536-b2aec9d0bc92"/>
  </testcase>
  <testcase name="attachScreenshot" classname="test.Verify_Collaction_Dashboard_Scenarios" time="0">
    <skipped/>
  </testcase>
  <testcase name="tearDown" classname="test.Verify_Collaction_Dashboard_Scenarios" time="0">
    <skipped/>
  </testcase>
</testsuite>